<?xml version="1.0" encoding="UTF-8"?>
<beans xmlns="http://www.springframework.org/schema/beans"
       xmlns:xsi="http://www.w3.org/2001/XMLSchema-instance"
       xsi:schemaLocation="http://www.springframework.org/schema/beans
     http://www.springframework.org/schema/beans/spring-beans-3.1.xsd">
    <beans profile="default,mock">
        <bean id="testHelper" class="com.intergration.test.unit.base.TestHelper">
            <property name="currentProfile" value="default"/>
        </bean>
    </beans>
    <beans profile="local">
        <bean id="testHelper" class="com.intergration.test.unit.base.TestHelper">
            <property name="currentProfile" value="local"/>
        </bean>
    </beans>
    <beans profile="dubbo">
        <bean id="testHelper" class="com.intergration.test.unit.base.TestHelper">
            <property name="currentProfile" value="dubbo"/>
        </bean>
    </beans>

</beans>